  E1.2问题2.cpp
d:\cv实验\cv实验一图像加载显示1.2问题2\cv实验一图像加载显示1.2问题2\e1.2问题2.cpp(29): warning C4244: “=”: 从“double”转换到“_Tp”，可能丢失数据
          with
          [
              _Tp=uchar
          ]
d:\cv实验\cv实验一图像加载显示1.2问题2\cv实验一图像加载显示1.2问题2\e1.2问题2.cpp(30): warning C4244: “=”: 从“double”转换到“_Tp”，可能丢失数据
          with
          [
              _Tp=uchar
          ]
d:\cv实验\cv实验一图像加载显示1.2问题2\cv实验一图像加载显示1.2问题2\e1.2问题2.cpp(31): warning C4244: “=”: 从“double”转换到“_Tp”，可能丢失数据
          with
          [
              _Tp=uchar
          ]
d:\cv实验\cv实验一图像加载显示1.2问题2\cv实验一图像加载显示1.2问题2\e1.2问题2.cpp(32): warning C4244: “=”: 从“double”转换到“_Tp”，可能丢失数据
          with
          [
              _Tp=uchar
          ]
  CV实验一图像加载显示1.2问题2.vcxproj -> D:\CV实验\CV实验一图像加载显示1.2问题2\x64\Debug\CV实验一图像加载显示1.2问题2.exe
